2018-12-06T08:55:46.947Z [[32minfo[39m] 	Starting TrueAutomation.IO client
2018-12-06T08:55:46.948Z [[32minfo[39m] 	API key: cf2038a3-013f-4b20-9362-8f0c1b91919d
2018-12-06T08:55:46.948Z [[32minfo[39m] 	Project name: TAEP-homepage
2018-12-06T08:55:46.949Z [[32minfo[39m] 	Cloud server: https://app.trueautomation.io
2018-12-06T08:55:46.949Z [[32minfo[39m] 	Starting chromeDriver /Users/delight/.trueautomation/chromedriver/chromedriver_mac64_2.44 on port 9516...
2018-12-06T08:55:47.404Z [[32minfo[39m] 	TrueAutomation.IO Client is listening on port 9515
2018-12-06T08:55:49.115Z [[32minfo[39m] 	0 Create session response: {"sessionId":"ee6a49249e137bb14e10cfff0860cf27","status":0,"value":{"acceptInsecureCerts":false,"acceptSslCerts":false,"applicationCacheEnabled":false,"browserConnectionEnabled":false,"browserName":"chrome","chrome":{"chromedriverVersion":"2.44.609545 (c2f88692e98ce7233d2df7c724465ecacfe74df5)","userDataDir":"/var/folders/s2/z5gqzlh91gq2thydw9h4p3yh0000gn/T/.org.chromium.Chromium.d5zxyN"},"cssSelectorsEnabled":true,"databaseEnabled":false,"goog:chromeOptions":{"debuggerAddress":"localhost:62336"},"handlesAlerts":true,"hasTouchScreen":false,"javascriptEnabled":true,"locationContextEnabled":true,"mobileEmulationEnabled":false,"nativeEvents":true,"networkConnectionEnabled":false,"pageLoadStrategy":"normal","platform":"Mac OS X","rotatable":false,"setWindowRect":true,"takesHeapSnapshot":true,"takesScreenshot":true,"unexpectedAlertBehaviour":"ignore","version":"70.0.3538.110","webStorageEnabled":true}}
2018-12-06T08:55:49.133Z [[32minfo[39m] 	1 Sending POST request to http://localhost:9516/session/ee6a49249e137bb14e10cfff0860cf27/url:  {"url":"https://trueautomation.io/"}
2018-12-06T08:55:56.111Z [[32minfo[39m] 	2 Sending elements request to http://localhost:9516/session/ee6a49249e137bb14e10cfff0860cf27:  {"using":"css selector","value":"__taonly__trueautomationio:home:loginBtn__taonly__"}
2018-12-06T08:55:56.254Z [[32minfo[39m] 	2 Enum nodes response:  {"sessionId":"ee6a49249e137bb14e10cfff08
2018-12-06T08:55:56.433Z [[32minfo[39m] 	2 Elements locator: {"value":"/*[1]/*[2]/*[1]/*[1]/*[1]/*[2]/*[1]/*[2]/*[1]","using":"xpath"}
2018-12-06T08:55:56.449Z [[32minfo[39m] 	2 Elements response: {"sessionId":"ee6a49249e137bb14e10cfff0860cf27","status":0,"value":[{"ELEMENT":"0.6504097073181061-1"}]}
2018-12-06T08:55:56.452Z [[32minfo[39m] 	3 Sending GET request to http://localhost:9516/session/ee6a49249e137bb14e10cfff0860cf27/element/0.6504097073181061-1/displayed:  {}
2018-12-06T08:55:56.470Z [[32minfo[39m] 	4 Sending POST request to http://localhost:9516/session/ee6a49249e137bb14e10cfff0860cf27/element/0.6504097073181061-1/click:  {}
2018-12-06T08:56:00.263Z [[32minfo[39m] 	5 Sending elements request to http://localhost:9516/session/ee6a49249e137bb14e10cfff0860cf27:  {"using":"xpath","value":"./descendant::*[self::input | self::textarea][not(((((((./@type = 'submit') or (./@type = 'image')) or (./@type = 'radio')) or (./@type = 'checkbox')) or (./@type = 'hidden')) or (./@type = 'file')))][((((./@id = '__taonly__trueautomationio:auth:signin:EmailField__taonly__') or (./@name = '__taonly__trueautomationio:auth:signin:EmailField__taonly__')) or (./@placeholder = '__taonly__trueautomationio:auth:signin:EmailField__taonly__')) or (./@id = //label[(normalize-space(string(.)) = '__taonly__trueautomationio:auth:signin:EmailField__taonly__')]/@for))] | .//label[(normalize-space(string(.)) = '__taonly__trueautomationio:auth:signin:EmailField__taonly__')]//./descendant::*[self::input | self::textarea][not(((((((./@type = 'submit') or (./@type = 'image')) or (./@type = 'radio')) or (./@type = 'checkbox')) or (./@type = 'hidden')) or (./@type = 'file')))]"}
2018-12-06T08:56:00.299Z [[32minfo[39m] 	5 Enum nodes response:  {"sessionId":"ee6a49249e137bb14e10cfff08
2018-12-06T08:56:00.314Z [[32minfo[39m] 	5 Elements locator: {"value":"/*[1]/*[2]/*[1]/*[2]/*[3]/*[2]/*[1]","using":"xpath"}
2018-12-06T08:56:00.331Z [[32minfo[39m] 	5 Elements response: {"sessionId":"ee6a49249e137bb14e10cfff0860cf27","status":0,"value":[{"ELEMENT":"0.027978230917023117-1"}]}
2018-12-06T08:56:00.333Z [[32minfo[39m] 	6 Sending GET request to http://localhost:9516/session/ee6a49249e137bb14e10cfff0860cf27/element/0.027978230917023117-1/displayed:  {}
2018-12-06T08:56:00.349Z [[32minfo[39m] 	7 Sending GET request to http://localhost:9516/session/ee6a49249e137bb14e10cfff0860cf27/element/0.027978230917023117-1/enabled:  {}
2018-12-06T08:56:00.361Z [[32minfo[39m] 	8 Sending GET request to http://localhost:9516/session/ee6a49249e137bb14e10cfff0860cf27/element/0.027978230917023117-1/name:  {}
2018-12-06T08:56:00.369Z [[32minfo[39m] 	9 Sending GET request to http://localhost:9516/session/ee6a49249e137bb14e10cfff0860cf27/element/0.027978230917023117-1/attribute/readonly:  {}
2018-12-06T08:56:00.378Z [[32minfo[39m] 	10 Sending GET request to http://localhost:9516/session/ee6a49249e137bb14e10cfff0860cf27/element/0.027978230917023117-1/name:  {}
2018-12-06T08:56:00.385Z [[32minfo[39m] 	11 Sending GET request to http://localhost:9516/session/ee6a49249e137bb14e10cfff0860cf27/element/0.027978230917023117-1/attribute/type:  {}
2018-12-06T08:56:00.395Z [[32minfo[39m] 	12 Sending POST request to http://localhost:9516/session/ee6a49249e137bb14e10cfff0860cf27/execute:  {"script":"arguments[0].value = ''","args":[{"ELEMENT":"0.027978230917023117-1"}]}
2018-12-06T08:56:00.403Z [[32minfo[39m] 	13 Sending POST request to http://localhost:9516/session/ee6a49249e137bb14e10cfff0860cf27/element/0.027978230917023117-1/value:  {"value":["stas.odessa@@ua.fm"]}
2018-12-06T08:56:00.596Z [[32minfo[39m] 	14 Sending elements request to http://localhost:9516/session/ee6a49249e137bb14e10cfff0860cf27:  {"using":"xpath","value":"./descendant::*[self::input | self::textarea][not(((((((./@type = 'submit') or (./@type = 'image')) or (./@type = 'radio')) or (./@type = 'checkbox')) or (./@type = 'hidden')) or (./@type = 'file')))][((((./@id = '__taonly__trueautomationio:auth:signin:PasswordField__taonly__') or (./@name = '__taonly__trueautomationio:auth:signin:PasswordField__taonly__')) or (./@placeholder = '__taonly__trueautomationio:auth:signin:PasswordField__taonly__')) or (./@id = //label[(normalize-space(string(.)) = '__taonly__trueautomationio:auth:signin:PasswordField__taonly__')]/@for))] | .//label[(normalize-space(string(.)) = '__taonly__trueautomationio:auth:signin:PasswordField__taonly__')]//./descendant::*[self::input | self::textarea][not(((((((./@type = 'submit') or (./@type = 'image')) or (./@type = 'radio')) or (./@type = 'checkbox')) or (./@type = 'hidden')) or (./@type = 'file')))]"}
2018-12-06T08:56:00.623Z [[32minfo[39m] 	14 Enum nodes response:  {"sessionId":"ee6a49249e137bb14e10cfff08
2018-12-06T08:56:00.639Z [[32minfo[39m] 	14 Elements locator: {"value":"/*[1]/*[2]/*[1]/*[2]/*[3]/*[3]/*[1]","using":"xpath"}
2018-12-06T08:56:00.653Z [[32minfo[39m] 	14 Elements response: {"sessionId":"ee6a49249e137bb14e10cfff0860cf27","status":0,"value":[{"ELEMENT":"0.027978230917023117-2"}]}
2018-12-06T08:56:00.655Z [[32minfo[39m] 	15 Sending GET request to http://localhost:9516/session/ee6a49249e137bb14e10cfff0860cf27/element/0.027978230917023117-2/displayed:  {}
2018-12-06T08:56:00.670Z [[32minfo[39m] 	16 Sending GET request to http://localhost:9516/session/ee6a49249e137bb14e10cfff0860cf27/element/0.027978230917023117-2/enabled:  {}
2018-12-06T08:56:00.682Z [[32minfo[39m] 	17 Sending GET request to http://localhost:9516/session/ee6a49249e137bb14e10cfff0860cf27/element/0.027978230917023117-2/name:  {}
2018-12-06T08:56:00.690Z [[32minfo[39m] 	18 Sending GET request to http://localhost:9516/session/ee6a49249e137bb14e10cfff0860cf27/element/0.027978230917023117-2/attribute/readonly:  {}
2018-12-06T08:56:00.698Z [[32minfo[39m] 	19 Sending GET request to http://localhost:9516/session/ee6a49249e137bb14e10cfff0860cf27/element/0.027978230917023117-2/name:  {}
2018-12-06T08:56:00.704Z [[32minfo[39m] 	20 Sending GET request to http://localhost:9516/session/ee6a49249e137bb14e10cfff0860cf27/element/0.027978230917023117-2/attribute/type:  {}
2018-12-06T08:56:00.712Z [[32minfo[39m] 	21 Sending POST request to http://localhost:9516/session/ee6a49249e137bb14e10cfff0860cf27/execute:  {"script":"arguments[0].value = ''","args":[{"ELEMENT":"0.027978230917023117-2"}]}
2018-12-06T08:56:00.720Z [[32minfo[39m] 	22 Sending POST request to http://localhost:9516/session/ee6a49249e137bb14e10cfff0860cf27/element/0.027978230917023117-2/value:  {"value":["7167276@Ss"]}
2018-12-06T08:56:00.781Z [[32minfo[39m] 	23 Sending elements request to http://localhost:9516/session/ee6a49249e137bb14e10cfff0860cf27:  {"using":"css selector","value":"__taonly__trueautomationio:auth:signin:LoginBtn__taonly__"}
2018-12-06T08:56:00.797Z [[32minfo[39m] 	23 Enum nodes response:  {"sessionId":"ee6a49249e137bb14e10cfff08
2018-12-06T08:56:00.816Z [[32minfo[39m] 	23 Elements locator: {"value":"/*[1]/*[2]/*[1]/*[2]/*[3]/*[5]","using":"xpath"}
2018-12-06T08:56:00.837Z [[32minfo[39m] 	23 Elements response: {"sessionId":"ee6a49249e137bb14e10cfff0860cf27","status":0,"value":[{"ELEMENT":"0.027978230917023117-3"}]}
2018-12-06T08:56:00.840Z [[32minfo[39m] 	24 Sending GET request to http://localhost:9516/session/ee6a49249e137bb14e10cfff0860cf27/element/0.027978230917023117-3/displayed:  {}
2018-12-06T08:56:00.856Z [[32minfo[39m] 	25 Sending POST request to http://localhost:9516/session/ee6a49249e137bb14e10cfff0860cf27/element/0.027978230917023117-3/click:  {}
2018-12-06T08:56:01.522Z [[32minfo[39m] 	26 Sending elements request to http://localhost:9516/session/ee6a49249e137bb14e10cfff0860cf27:  {"using":"xpath","value":"/html"}
2018-12-06T08:56:01.522Z [[32minfo[39m] 	26 Elements locator: {"value":"/html","using":"xpath"}
2018-12-06T08:56:01.560Z [[32minfo[39m] 	26 Elements response: {"sessionId":"ee6a49249e137bb14e10cfff0860cf27","status":0,"value":[{"ELEMENT":"0.4451011388733652-1"}]}
2018-12-06T08:56:01.566Z [[32minfo[39m] 	27 Sending GET request to http://localhost:9516/session/ee6a49249e137bb14e10cfff0860cf27/element/0.4451011388733652-1/displayed:  {}
2018-12-06T08:56:01.607Z [[32minfo[39m] 	28 Sending GET request to http://localhost:9516/session/ee6a49249e137bb14e10cfff0860cf27/element/0.4451011388733652-1/text:  {}
2018-12-06T08:56:01.659Z [[32minfo[39m] 	29 Sending GET request to http://localhost:9516/session/ee6a49249e137bb14e10cfff0860cf27/window_handles:  {}
2018-12-06T08:56:01.670Z [[32minfo[39m] 	30 Sending POST request to http://localhost:9516/session/ee6a49249e137bb14e10cfff0860cf27/window:  {"name":"CDwindow-F689433CD27875606CDC63D44AA3BEEF"}
2018-12-06T08:56:01.676Z [[32minfo[39m] 	31 Sending GET request to http://localhost:9516/session/ee6a49249e137bb14e10cfff0860cf27/window_handles:  {}
2018-12-06T08:56:01.681Z [[32minfo[39m] 	32 Sending POST request to http://localhost:9516/session/ee6a49249e137bb14e10cfff0860cf27/goog/cdp/execute:  {"cmd":"Network.clearBrowserCookies","params":{}}
2018-12-06T08:56:01.696Z [[32minfo[39m] 	33 Sending DELETE request to http://localhost:9516/session/ee6a49249e137bb14e10cfff0860cf27/session_storage:  {}
2018-12-06T08:56:01.702Z [[32minfo[39m] 	34 Sending DELETE request to http://localhost:9516/session/ee6a49249e137bb14e10cfff0860cf27/local_storage:  {}
2018-12-06T08:56:01.708Z [[32minfo[39m] 	35 Sending POST request to http://localhost:9516/session/ee6a49249e137bb14e10cfff0860cf27/url:  {"url":"about:blank"}
2018-12-06T08:56:01.730Z [[32minfo[39m] 	36 Sending elements request to http://localhost:9516/session/ee6a49249e137bb14e10cfff0860cf27:  {"using":"xpath","value":"/html/body/*"}
2018-12-06T08:56:01.730Z [[32minfo[39m] 	36 Elements locator: {"value":"/html/body/*","using":"xpath"}
2018-12-06T08:56:01.748Z [[32minfo[39m] 	36 Elements response: {"sessionId":"ee6a49249e137bb14e10cfff0860cf27","status":0,"value":[]}
2018-12-06T08:56:01.757Z [[32minfo[39m] 	37 Sending DELETE request to http://localhost:9516/session/ee6a49249e137bb14e10cfff0860cf27:  {}
2018-12-06T08:56:01.858Z [[32minfo[39m] 	Sync elements
2018-12-06T08:56:02.668Z [[32minfo[39m] 	Stopping driver
