2018-12-06T08:28:25.382Z [[32minfo[39m] 	Starting TrueAutomation.IO client
2018-12-06T08:28:25.383Z [[32minfo[39m] 	API key: cf2038a3-013f-4b20-9362-8f0c1b91919d
2018-12-06T08:28:25.383Z [[32minfo[39m] 	Project name: TAEP-homepage
2018-12-06T08:28:25.383Z [[32minfo[39m] 	Cloud server: https://app.trueautomation.io
2018-12-06T08:28:25.383Z [[32minfo[39m] 	Starting chromeDriver /Users/delight/.trueautomation/chromedriver/chromedriver_mac64_2.44 on port 9516...
2018-12-06T08:28:25.820Z [[32minfo[39m] 	TrueAutomation.IO Client is listening on port 9515
2018-12-06T08:28:27.555Z [[32minfo[39m] 	0 Create session response: {"sessionId":"a208d8d4dcefb5f4b421230ef64c958e","status":0,"value":{"acceptInsecureCerts":false,"acceptSslCerts":false,"applicationCacheEnabled":false,"browserConnectionEnabled":false,"browserName":"chrome","chrome":{"chromedriverVersion":"2.44.609545 (c2f88692e98ce7233d2df7c724465ecacfe74df5)","userDataDir":"/var/folders/s2/z5gqzlh91gq2thydw9h4p3yh0000gn/T/.org.chromium.Chromium.aYZ7WH"},"cssSelectorsEnabled":true,"databaseEnabled":false,"goog:chromeOptions":{"debuggerAddress":"localhost:60816"},"handlesAlerts":true,"hasTouchScreen":false,"javascriptEnabled":true,"locationContextEnabled":true,"mobileEmulationEnabled":false,"nativeEvents":true,"networkConnectionEnabled":false,"pageLoadStrategy":"normal","platform":"Mac OS X","rotatable":false,"setWindowRect":true,"takesHeapSnapshot":true,"takesScreenshot":true,"unexpectedAlertBehaviour":"ignore","version":"70.0.3538.110","webStorageEnabled":true}}
2018-12-06T08:28:27.572Z [[32minfo[39m] 	1 Sending POST request to http://localhost:9516/session/a208d8d4dcefb5f4b421230ef64c958e/url:  {"url":"https://trueautomation.io/"}
2018-12-06T08:28:33.756Z [[32minfo[39m] 	2 Sending elements request to http://localhost:9516/session/a208d8d4dcefb5f4b421230ef64c958e:  {"using":"css selector","value":"__taonly__trueautomationio:home:loginBtn__taonly__"}
2018-12-06T08:28:33.903Z [[32minfo[39m] 	2 Enum nodes response:  {"sessionId":"a208d8d4dcefb5f4b421230ef6
2018-12-06T08:28:34.061Z [[32minfo[39m] 	2 Elements locator: {"value":"/*[1]/*[2]/*[1]/*[1]/*[1]/*[2]/*[1]/*[2]/*[1]","using":"xpath"}
2018-12-06T08:28:34.096Z [[32minfo[39m] 	2 Elements response: {"sessionId":"a208d8d4dcefb5f4b421230ef64c958e","status":0,"value":[{"ELEMENT":"0.23557984787739827-1"}]}
2018-12-06T08:28:34.100Z [[32minfo[39m] 	3 Sending GET request to http://localhost:9516/session/a208d8d4dcefb5f4b421230ef64c958e/element/0.23557984787739827-1/displayed:  {}
2018-12-06T08:28:34.117Z [[32minfo[39m] 	4 Sending POST request to http://localhost:9516/session/a208d8d4dcefb5f4b421230ef64c958e/element/0.23557984787739827-1/click:  {}
2018-12-06T08:28:35.954Z [[32minfo[39m] 	5 Sending elements request to http://localhost:9516/session/a208d8d4dcefb5f4b421230ef64c958e:  {"using":"xpath","value":"./descendant::*[self::input | self::textarea][not(((((((./@type = 'submit') or (./@type = 'image')) or (./@type = 'radio')) or (./@type = 'checkbox')) or (./@type = 'hidden')) or (./@type = 'file')))][((((./@id = '__taonly__trueautomationio:auth:signin:EmailField__taonly__') or (./@name = '__taonly__trueautomationio:auth:signin:EmailField__taonly__')) or (./@placeholder = '__taonly__trueautomationio:auth:signin:EmailField__taonly__')) or (./@id = //label[(normalize-space(string(.)) = '__taonly__trueautomationio:auth:signin:EmailField__taonly__')]/@for))] | .//label[(normalize-space(string(.)) = '__taonly__trueautomationio:auth:signin:EmailField__taonly__')]//./descendant::*[self::input | self::textarea][not(((((((./@type = 'submit') or (./@type = 'image')) or (./@type = 'radio')) or (./@type = 'checkbox')) or (./@type = 'hidden')) or (./@type = 'file')))]"}
2018-12-06T08:28:35.970Z [[32minfo[39m] 	5 Enum nodes response:  {"sessionId":"a208d8d4dcefb5f4b421230ef6
2018-12-06T08:28:35.994Z [[32minfo[39m] 	5 Elements locator: {"value":"/*[1]/*[2]/*[1]/*[2]/*[3]/*[2]/*[1]","using":"xpath"}
2018-12-06T08:28:36.018Z [[32minfo[39m] 	5 Elements response: {"sessionId":"a208d8d4dcefb5f4b421230ef64c958e","status":0,"value":[{"ELEMENT":"0.21696187961313007-1"}]}
2018-12-06T08:28:36.020Z [[32minfo[39m] 	6 Sending GET request to http://localhost:9516/session/a208d8d4dcefb5f4b421230ef64c958e/element/0.21696187961313007-1/displayed:  {}
2018-12-06T08:28:36.037Z [[32minfo[39m] 	7 Sending GET request to http://localhost:9516/session/a208d8d4dcefb5f4b421230ef64c958e/element/0.21696187961313007-1/enabled:  {}
2018-12-06T08:28:36.050Z [[32minfo[39m] 	8 Sending GET request to http://localhost:9516/session/a208d8d4dcefb5f4b421230ef64c958e/element/0.21696187961313007-1/name:  {}
2018-12-06T08:28:36.058Z [[32minfo[39m] 	9 Sending GET request to http://localhost:9516/session/a208d8d4dcefb5f4b421230ef64c958e/element/0.21696187961313007-1/attribute/readonly:  {}
2018-12-06T08:28:36.067Z [[32minfo[39m] 	10 Sending GET request to http://localhost:9516/session/a208d8d4dcefb5f4b421230ef64c958e/element/0.21696187961313007-1/name:  {}
2018-12-06T08:28:36.074Z [[32minfo[39m] 	11 Sending GET request to http://localhost:9516/session/a208d8d4dcefb5f4b421230ef64c958e/element/0.21696187961313007-1/attribute/type:  {}
2018-12-06T08:28:36.084Z [[32minfo[39m] 	12 Sending POST request to http://localhost:9516/session/a208d8d4dcefb5f4b421230ef64c958e/execute:  {"script":"arguments[0].value = ''","args":[{"ELEMENT":"0.21696187961313007-1"}]}
2018-12-06T08:28:36.093Z [[32minfo[39m] 	13 Sending POST request to http://localhost:9516/session/a208d8d4dcefb5f4b421230ef64c958e/element/0.21696187961313007-1/value:  {"value":["stas.odessa@@ua.fm"]}
2018-12-06T08:28:36.269Z [[32minfo[39m] 	14 Sending elements request to http://localhost:9516/session/a208d8d4dcefb5f4b421230ef64c958e:  {"using":"xpath","value":"./descendant::*[self::input | self::textarea][not(((((((./@type = 'submit') or (./@type = 'image')) or (./@type = 'radio')) or (./@type = 'checkbox')) or (./@type = 'hidden')) or (./@type = 'file')))][((((./@id = '__taonly__trueautomationio:auth:signin:PasswordField__taonly__') or (./@name = '__taonly__trueautomationio:auth:signin:PasswordField__taonly__')) or (./@placeholder = '__taonly__trueautomationio:auth:signin:PasswordField__taonly__')) or (./@id = //label[(normalize-space(string(.)) = '__taonly__trueautomationio:auth:signin:PasswordField__taonly__')]/@for))] | .//label[(normalize-space(string(.)) = '__taonly__trueautomationio:auth:signin:PasswordField__taonly__')]//./descendant::*[self::input | self::textarea][not(((((((./@type = 'submit') or (./@type = 'image')) or (./@type = 'radio')) or (./@type = 'checkbox')) or (./@type = 'hidden')) or (./@type = 'file')))]"}
2018-12-06T08:28:36.286Z [[32minfo[39m] 	14 Enum nodes response:  {"sessionId":"a208d8d4dcefb5f4b421230ef6
2018-12-06T08:28:36.302Z [[32minfo[39m] 	14 Elements locator: {"value":"/*[1]/*[2]/*[1]/*[2]/*[3]/*[3]/*[1]","using":"xpath"}
2018-12-06T08:28:36.316Z [[32minfo[39m] 	14 Elements response: {"sessionId":"a208d8d4dcefb5f4b421230ef64c958e","status":0,"value":[{"ELEMENT":"0.21696187961313007-2"}]}
2018-12-06T08:28:36.318Z [[32minfo[39m] 	15 Sending GET request to http://localhost:9516/session/a208d8d4dcefb5f4b421230ef64c958e/element/0.21696187961313007-2/displayed:  {}
2018-12-06T08:28:36.333Z [[32minfo[39m] 	16 Sending GET request to http://localhost:9516/session/a208d8d4dcefb5f4b421230ef64c958e/element/0.21696187961313007-2/enabled:  {}
2018-12-06T08:28:36.345Z [[32minfo[39m] 	17 Sending GET request to http://localhost:9516/session/a208d8d4dcefb5f4b421230ef64c958e/element/0.21696187961313007-2/name:  {}
2018-12-06T08:28:36.352Z [[32minfo[39m] 	18 Sending GET request to http://localhost:9516/session/a208d8d4dcefb5f4b421230ef64c958e/element/0.21696187961313007-2/attribute/readonly:  {}
2018-12-06T08:28:36.360Z [[32minfo[39m] 	19 Sending GET request to http://localhost:9516/session/a208d8d4dcefb5f4b421230ef64c958e/element/0.21696187961313007-2/name:  {}
2018-12-06T08:28:36.367Z [[32minfo[39m] 	20 Sending GET request to http://localhost:9516/session/a208d8d4dcefb5f4b421230ef64c958e/element/0.21696187961313007-2/attribute/type:  {}
2018-12-06T08:28:36.376Z [[32minfo[39m] 	21 Sending POST request to http://localhost:9516/session/a208d8d4dcefb5f4b421230ef64c958e/execute:  {"script":"arguments[0].value = ''","args":[{"ELEMENT":"0.21696187961313007-2"}]}
2018-12-06T08:28:36.384Z [[32minfo[39m] 	22 Sending POST request to http://localhost:9516/session/a208d8d4dcefb5f4b421230ef64c958e/element/0.21696187961313007-2/value:  {"value":["7167276@Ss"]}
2018-12-06T08:28:36.456Z [[32minfo[39m] 	23 Sending elements request to http://localhost:9516/session/a208d8d4dcefb5f4b421230ef64c958e:  {"using":"css selector","value":"__taonly__trueautomationio:auth:signin:LoginBtn__taonly__"}
2018-12-06T08:28:36.477Z [[32minfo[39m] 	23 Enum nodes response:  {"sessionId":"a208d8d4dcefb5f4b421230ef6
2018-12-06T08:28:36.492Z [[32minfo[39m] 	23 Elements locator: {"value":"/*[1]/*[2]/*[1]/*[2]/*[3]/*[5]","using":"xpath"}
2018-12-06T08:28:36.515Z [[32minfo[39m] 	23 Elements response: {"sessionId":"a208d8d4dcefb5f4b421230ef64c958e","status":0,"value":[{"ELEMENT":"0.21696187961313007-3"}]}
2018-12-06T08:28:36.518Z [[32minfo[39m] 	24 Sending GET request to http://localhost:9516/session/a208d8d4dcefb5f4b421230ef64c958e/element/0.21696187961313007-3/displayed:  {}
2018-12-06T08:28:36.533Z [[32minfo[39m] 	25 Sending POST request to http://localhost:9516/session/a208d8d4dcefb5f4b421230ef64c958e/element/0.21696187961313007-3/click:  {}
2018-12-06T08:28:37.245Z [[32minfo[39m] 	26 Sending elements request to http://localhost:9516/session/a208d8d4dcefb5f4b421230ef64c958e:  {"using":"xpath","value":"/html"}
2018-12-06T08:28:37.245Z [[32minfo[39m] 	26 Elements locator: {"value":"/html","using":"xpath"}
2018-12-06T08:28:37.285Z [[32minfo[39m] 	26 Elements response: {"sessionId":"a208d8d4dcefb5f4b421230ef64c958e","status":0,"value":[{"ELEMENT":"0.564309138766913-1"}]}
2018-12-06T08:28:37.289Z [[32minfo[39m] 	27 Sending GET request to http://localhost:9516/session/a208d8d4dcefb5f4b421230ef64c958e/element/0.564309138766913-1/displayed:  {}
2018-12-06T08:28:37.320Z [[32minfo[39m] 	28 Sending GET request to http://localhost:9516/session/a208d8d4dcefb5f4b421230ef64c958e/element/0.564309138766913-1/text:  {}
2018-12-06T08:28:37.363Z [[32minfo[39m] 	29 Sending GET request to http://localhost:9516/session/a208d8d4dcefb5f4b421230ef64c958e/window_handles:  {}
2018-12-06T08:28:37.375Z [[32minfo[39m] 	30 Sending POST request to http://localhost:9516/session/a208d8d4dcefb5f4b421230ef64c958e/window:  {"name":"CDwindow-56433E5CF0C7730F04E403884D16DF89"}
2018-12-06T08:28:37.388Z [[32minfo[39m] 	31 Sending GET request to http://localhost:9516/session/a208d8d4dcefb5f4b421230ef64c958e/window_handles:  {}
2018-12-06T08:28:37.398Z [[32minfo[39m] 	32 Sending POST request to http://localhost:9516/session/a208d8d4dcefb5f4b421230ef64c958e/goog/cdp/execute:  {"cmd":"Network.clearBrowserCookies","params":{}}
2018-12-06T08:28:37.420Z [[32minfo[39m] 	33 Sending DELETE request to http://localhost:9516/session/a208d8d4dcefb5f4b421230ef64c958e/session_storage:  {}
2018-12-06T08:28:37.426Z [[32minfo[39m] 	34 Sending DELETE request to http://localhost:9516/session/a208d8d4dcefb5f4b421230ef64c958e/local_storage:  {}
2018-12-06T08:28:37.434Z [[32minfo[39m] 	35 Sending POST request to http://localhost:9516/session/a208d8d4dcefb5f4b421230ef64c958e/url:  {"url":"about:blank"}
2018-12-06T08:28:37.458Z [[32minfo[39m] 	36 Sending elements request to http://localhost:9516/session/a208d8d4dcefb5f4b421230ef64c958e:  {"using":"xpath","value":"/html/body/*"}
2018-12-06T08:28:37.458Z [[32minfo[39m] 	36 Elements locator: {"value":"/html/body/*","using":"xpath"}
2018-12-06T08:28:37.472Z [[32minfo[39m] 	36 Elements response: {"sessionId":"a208d8d4dcefb5f4b421230ef64c958e","status":0,"value":[]}
2018-12-06T08:28:37.477Z [[32minfo[39m] 	37 Sending DELETE request to http://localhost:9516/session/a208d8d4dcefb5f4b421230ef64c958e:  {}
2018-12-06T08:28:37.602Z [[32minfo[39m] 	Sync elements
2018-12-06T08:28:38.423Z [[32minfo[39m] 	Stopping driver
